<?xml version="1.0" encoding="UTF-8"?>
<!-- Generated by org.testng.reporters.JUnitReportReporter -->
<testsuite hostname="Suman" failures="0" tests="1" name="com.dblaze.qa.testcases.CartPageTest" time="26.655" errors="0" timestamp="2024-02-14T17:28:12 IST" skipped="0">
  <testcase classname="com.dblaze.qa.testcases.CartPageTest" name="PlaceOrder" time="26.655"/>
  <system-out/>
</testsuite> <!-- com.dblaze.qa.testcases.CartPageTest -->
