<?xml version="1.0" encoding="UTF-8"?>
<!-- Generated by org.testng.reporters.JUnitReportReporter -->
<testsuite hostname="Suman" failures="0" tests="1" name="com.dblaze.qa.testcases.PurchasePageTest" time="47.481" errors="0" timestamp="2024-02-14T17:03:00 IST" skipped="0">
  <testcase classname="com.dblaze.qa.testcases.PurchasePageTest" name="PurchaseFinish" time="47.481"/>
  <system-out/>
</testsuite> <!-- com.dblaze.qa.testcases.PurchasePageTest -->
