<?xml version="1.0" encoding="UTF-8"?>
<!-- Generated by org.testng.reporters.JUnitReportReporter -->
<testsuite hostname="Suman" failures="0" tests="1" name="com.automation.testcases.LoginTestCRM" time="10.445" errors="0" timestamp="2024-02-07T12:46:29 IST" skipped="0">
  <testcase classname="com.automation.testcases.LoginTestCRM" name="loginApp" time="10.445"/>
  <system-out/>
</testsuite> <!-- com.automation.testcases.LoginTestCRM -->
