<?xml version="1.0" encoding="UTF-8"?>
<!-- Generated by org.testng.reporters.JUnitReportReporter -->
<testsuite hostname="Suman" failures="0" tests="1" name="com.dblaze.qa.testcases.ProductPageTest" time="33.178" errors="0" timestamp="2024-02-12T19:03:16 IST" skipped="0">
  <testcase classname="com.dblaze.qa.testcases.ProductPageTest" name="AddProductToCart" time="33.178"/>
  <system-out/>
</testsuite> <!-- com.dblaze.qa.testcases.ProductPageTest -->
