<?xml version="1.0" encoding="UTF-8"?>
<!-- Generated by org.testng.reporters.JUnitReportReporter -->
<testsuite hostname="Suman" failures="0" tests="1" name="com.dblaze.qa.testcases.LoginPageTest" time="10.436" errors="0" timestamp="2024-02-14T16:52:28 IST" skipped="0">
  <testcase classname="com.dblaze.qa.testcases.LoginPageTest" name="loginApp" time="10.436"/>
  <system-out/>
</testsuite> <!-- com.dblaze.qa.testcases.LoginPageTest -->
