<?xml version="1.0" encoding="UTF-8"?>
<!-- Generated by org.testng.reporters.JUnitReportReporter -->
<testsuite hostname="Suman" failures="0" tests="1" name="com.dblaze.qa.testcases.CustomerInfoPageTest" time="35.174" errors="0" timestamp="2024-02-12T20:21:45 IST" skipped="0">
  <testcase classname="com.dblaze.qa.testcases.CustomerInfoPageTest" name="CustomerInfo" time="35.174"/>
  <system-out/>
</testsuite> <!-- com.dblaze.qa.testcases.CustomerInfoPageTest -->
