<?xml version="1.0" encoding="UTF-8"?>
<!-- Generated by org.testng.reporters.JUnitReportReporter -->
<testsuite hostname="Suman" failures="0" tests="1" name="com.dblaze.qa.testcases.HomePageTest" time="23.512" errors="0" timestamp="2024-02-14T17:27:14 IST" skipped="0">
  <testcase classname="com.dblaze.qa.testcases.HomePageTest" name="Product1" time="23.512"/>
  <system-out/>
</testsuite> <!-- com.dblaze.qa.testcases.HomePageTest -->
