<?xml version="1.0" encoding="UTF-8"?>
<!-- Generated by org.testng.reporters.JUnitReportReporter -->
<testsuite hostname="Suman" failures="0" tests="3" name="com.slabs.qa.testcases.HomePageTest" time="61.879" errors="0" timestamp="2024-02-28T22:42:39 IST" skipped="0">
  <testcase classname="com.slabs.qa.testcases.HomePageTest" name="validateUrlTest" time="17.075"/>
  <system-out/>
  <testcase classname="com.slabs.qa.testcases.HomePageTest" name="validateAddProductTest" time="22.239"/>
  <system-out/>
  <testcase classname="com.slabs.qa.testcases.HomePageTest" name="validateShopCartTest" time="22.565"/>
  <system-out/>
</testsuite> <!-- com.slabs.qa.testcases.HomePageTest -->
