<?xml version="1.0" encoding="UTF-8"?>
<!-- Generated by org.testng.reporters.JUnitReportReporter -->
<testsuite hostname="Suman" failures="0" tests="3" name="com.slabs.qa.testcases.CustomerInfoPageTest" time="81.567" errors="0" timestamp="2024-02-28T23:31:04 IST" skipped="0">
  <testcase classname="com.slabs.qa.testcases.CustomerInfoPageTest" name="validateCustomerInfoPageUrlTest" time="20.782"/>
  <system-out/>
  <testcase classname="com.slabs.qa.testcases.CustomerInfoPageTest" name="validateFillCustomerInfoTest" time="27.009"/>
  <system-out/>
  <testcase classname="com.slabs.qa.testcases.CustomerInfoPageTest" name="validatePurchaseContinueTest" time="33.776"/>
  <system-out/>
</testsuite> <!-- com.slabs.qa.testcases.CustomerInfoPageTest -->
