<?xml version="1.0" encoding="UTF-8"?>
<!-- Generated by org.testng.reporters.JUnitReportReporter -->
<testsuite hostname="Suman" failures="0" tests="2" name="com.slabs.qa.testcases.PurchasePageTest" time="67.426" errors="0" timestamp="2024-02-29T00:11:49 IST" skipped="0">
  <testcase classname="com.slabs.qa.testcases.PurchasePageTest" name="validatePurchasePageUrlTest" time="32.034"/>
  <system-out/>
  <testcase classname="com.slabs.qa.testcases.PurchasePageTest" name="validatePurchaseFinishTest" time="35.392"/>
  <system-out/>
</testsuite> <!-- com.slabs.qa.testcases.PurchasePageTest -->
