<?xml version="1.0" encoding="UTF-8"?>
<!-- Generated by org.testng.reporters.JUnitReportReporter -->
<testsuite hostname="Suman" failures="0" tests="2" name="com.slabs.qa.testcases.LoginPageTest" time="23.833" errors="0" timestamp="2024-02-28T22:41:16 IST" skipped="0">
  <testcase classname="com.slabs.qa.testcases.LoginPageTest" name="CheckPageTitleTest" time="6.896"/>
  <system-out/>
  <testcase classname="com.slabs.qa.testcases.LoginPageTest" name="CheckLoginTest" time="16.937"/>
  <system-out/>
</testsuite> <!-- com.slabs.qa.testcases.LoginPageTest -->
