<?xml version="1.0" encoding="UTF-8"?>
<!-- Generated by org.testng.reporters.JUnitReportReporter -->
<testsuite hostname="Suman" failures="0" tests="2" name="com.slabs.qa.testcases.CartPageTest" time="45.677" errors="0" timestamp="2024-02-28T23:25:12 IST" skipped="0">
  <testcase classname="com.slabs.qa.testcases.CartPageTest" name="validateCartPageUrlTest" time="23.256"/>
  <system-out/>
  <testcase classname="com.slabs.qa.testcases.CartPageTest" name="validateCheckOutTest" time="22.421"/>
  <system-out/>
</testsuite> <!-- com.slabs.qa.testcases.CartPageTest -->
